<?xml version="1.0" encoding="UTF-8"?>
<!-- Generated by org.testng.reporters.JUnitReportReporter -->
<testsuite hostname="DESKTOP-FPDC57P" failures="0" tests="2" name="Pratice.dataprovider1" time="0.011" errors="0" timestamp="2023-11-30T12:03:34 IST" skipped="0">
  <testcase classname="Pratice.dataprovider1" name="booktickets" time="0.010"/>
  <system-out/>
  <testcase classname="Pratice.dataprovider1" name="booktickets" time="0.001"/>
  <system-out/>
</testsuite> <!-- Pratice.dataprovider1 -->
