<?xml version="1.0" encoding="UTF-8"?>
<!-- Generated by org.testng.reporters.JUnitReportReporter -->
<testsuite hostname="DESKTOP-FPDC57P" failures="0" tests="1" name="Pratice.Tset" time="0.017" errors="0" timestamp="2023-11-29T12:43:26 IST" skipped="0">
  <testcase classname="Pratice.Tset" name="tsetcase1" time="0.017"/>
  <system-out/>
</testsuite> <!-- Pratice.Tset -->
